<?xml version="1.0" encoding="UTF-8"?>
<testng-results ignored="5" total="30" passed="24" failed="1" skipped="0">
  <reporter-output>
  </reporter-output>
  <suite started-at="2024-01-13T17:32:04 EET" name="NewFinalProfect" finished-at="2024-01-13T17:34:39 EET" duration-ms="155079">
    <groups>
    </groups>
    <test started-at="2024-01-13T17:32:04 EET" name="NewFinalProject" finished-at="2024-01-13T17:34:39 EET" duration-ms="155079">
      <class name="EditProfileTest">
        <test-method is-config="true" signature="setupMethods()[pri:0, instance:EditProfileTest@402bba4f]" started-at="2024-01-13T17:34:16 EET" name="setupMethods" finished-at="2024-01-13T17:34:18 EET" duration-ms="1655" status="PASS">
          <reporter-output>
          </reporter-output>
        </test-method> <!-- setupMethods -->
        <test-method signature="EditProfile(java.lang.String,java.lang.String,java.io.File)[pri:0, instance:EditProfileTest@402bba4f]" started-at="2024-01-13T17:34:18 EET" name="EditProfile" data-provider="UserInformation" finished-at="2024-01-13T17:34:21 EET" duration-ms="2887" status="PASS">
          <params>
            <param index="0">
              <value>
                <![CDATA[Iliyana4]]>
              </value>
            </param>
            <param index="1">
              <value>
                <![CDATA[123456]]>
              </value>
            </param>
            <param index="2">
              <value>
                <![CDATA[src\main\resources\Upload\download.jpg]]>
              </value>
            </param>
          </params>
          <reporter-output>
          </reporter-output>
        </test-method> <!-- EditProfile -->
        <test-method is-config="true" signature="setupAftermethods(org.testng.ITestResult)[pri:0, instance:EditProfileTest@402bba4f]" started-at="2024-01-13T17:34:21 EET" name="setupAftermethods" finished-at="2024-01-13T17:34:21 EET" duration-ms="165" status="PASS">
          <params>
            <param index="0">
              <value>
                <![CDATA[[TestResult name=EditProfile status=SUCCESS method=EditProfileTest.EditProfile(java.lang.String,java.lang.String,java.io.File)[pri:0, instance:EditProfileTest@402bba4f] output={null}]]]>
              </value>
            </param>
          </params>
          <reporter-output>
          </reporter-output>
        </test-method> <!-- setupAftermethods -->
        <test-method is-config="true" signature="setupMethods()[pri:0, instance:EditProfileTest@402bba4f]" started-at="2024-01-13T17:34:21 EET" name="setupMethods" finished-at="2024-01-13T17:34:22 EET" duration-ms="1574" status="PASS">
          <reporter-output>
          </reporter-output>
        </test-method> <!-- setupMethods -->
        <test-method signature="EditProfile(java.lang.String,java.lang.String,java.io.File)[pri:0, instance:EditProfileTest@402bba4f]" started-at="2024-01-13T17:34:22 EET" name="EditProfile" data-provider="UserInformation" finished-at="2024-01-13T17:34:25 EET" duration-ms="2699" status="PASS">
          <params>
            <param index="0">
              <value>
                <![CDATA[Iliyana4]]>
              </value>
            </param>
            <param index="1">
              <value>
                <![CDATA[123456]]>
              </value>
            </param>
            <param index="2">
              <value>
                <![CDATA[src\main\resources\Upload\download.jpg]]>
              </value>
            </param>
          </params>
          <reporter-output>
          </reporter-output>
        </test-method> <!-- EditProfile -->
        <test-method is-config="true" signature="setupAftermethods(org.testng.ITestResult)[pri:0, instance:EditProfileTest@402bba4f]" started-at="2024-01-13T17:34:25 EET" name="setupAftermethods" finished-at="2024-01-13T17:34:25 EET" duration-ms="192" status="PASS">
          <params>
            <param index="0">
              <value>
                <![CDATA[[TestResult name=EditProfile status=SUCCESS method=EditProfileTest.EditProfile(java.lang.String,java.lang.String,java.io.File)[pri:0, instance:EditProfileTest@402bba4f] output={null}]]]>
              </value>
            </param>
          </params>
          <reporter-output>
          </reporter-output>
        </test-method> <!-- setupAftermethods -->
        <test-method is-config="true" signature="setupMethods()[pri:0, instance:EditProfileTest@402bba4f]" started-at="2024-01-13T17:34:25 EET" name="setupMethods" finished-at="2024-01-13T17:34:27 EET" duration-ms="1542" status="PASS">
          <reporter-output>
          </reporter-output>
        </test-method> <!-- setupMethods -->
        <test-method signature="EditProfile(java.lang.String,java.lang.String,java.io.File)[pri:0, instance:EditProfileTest@402bba4f]" started-at="2024-01-13T17:34:27 EET" name="EditProfile" data-provider="UserInformation" finished-at="2024-01-13T17:34:30 EET" duration-ms="2796" status="PASS">
          <params>
            <param index="0">
              <value>
                <![CDATA[Iliyana4]]>
              </value>
            </param>
            <param index="1">
              <value>
                <![CDATA[123456]]>
              </value>
            </param>
            <param index="2">
              <value>
                <![CDATA[src\main\resources\Upload\download.jpg]]>
              </value>
            </param>
          </params>
          <reporter-output>
          </reporter-output>
        </test-method> <!-- EditProfile -->
        <test-method is-config="true" signature="setupAftermethods(org.testng.ITestResult)[pri:0, instance:EditProfileTest@402bba4f]" started-at="2024-01-13T17:34:30 EET" name="setupAftermethods" finished-at="2024-01-13T17:34:30 EET" duration-ms="206" status="PASS">
          <params>
            <param index="0">
              <value>
                <![CDATA[[TestResult name=EditProfile status=SUCCESS method=EditProfileTest.EditProfile(java.lang.String,java.lang.String,java.io.File)[pri:0, instance:EditProfileTest@402bba4f] output={null}]]]>
              </value>
            </param>
          </params>
          <reporter-output>
          </reporter-output>
        </test-method> <!-- setupAftermethods -->
        <test-method is-config="true" signature="setupMethods()[pri:0, instance:EditProfileTest@402bba4f]" started-at="2024-01-13T17:34:30 EET" name="setupMethods" finished-at="2024-01-13T17:34:31 EET" duration-ms="1626" status="PASS">
          <reporter-output>
          </reporter-output>
        </test-method> <!-- setupMethods -->
        <test-method signature="EditProfile(java.lang.String,java.lang.String,java.io.File)[pri:0, instance:EditProfileTest@402bba4f]" started-at="2024-01-13T17:34:31 EET" name="EditProfile" data-provider="UserInformation" finished-at="2024-01-13T17:34:34 EET" duration-ms="2619" status="PASS">
          <params>
            <param index="0">
              <value>
                <![CDATA[Iliyana4]]>
              </value>
            </param>
            <param index="1">
              <value>
                <![CDATA[123456]]>
              </value>
            </param>
            <param index="2">
              <value>
                <![CDATA[src\main\resources\Upload\download.jpg]]>
              </value>
            </param>
          </params>
          <reporter-output>
          </reporter-output>
        </test-method> <!-- EditProfile -->
        <test-method is-config="true" signature="setupAftermethods(org.testng.ITestResult)[pri:0, instance:EditProfileTest@402bba4f]" started-at="2024-01-13T17:34:34 EET" name="setupAftermethods" finished-at="2024-01-13T17:34:34 EET" duration-ms="163" status="PASS">
          <params>
            <param index="0">
              <value>
                <![CDATA[[TestResult name=EditProfile status=SUCCESS method=EditProfileTest.EditProfile(java.lang.String,java.lang.String,java.io.File)[pri:0, instance:EditProfileTest@402bba4f] output={null}]]]>
              </value>
            </param>
          </params>
          <reporter-output>
          </reporter-output>
        </test-method> <!-- setupAftermethods -->
        <test-method is-config="true" signature="setupMethods()[pri:0, instance:EditProfileTest@402bba4f]" started-at="2024-01-13T17:34:34 EET" name="setupMethods" finished-at="2024-01-13T17:34:36 EET" duration-ms="1593" status="PASS">
          <reporter-output>
          </reporter-output>
        </test-method> <!-- setupMethods -->
        <test-method signature="EditProfile(java.lang.String,java.lang.String,java.io.File)[pri:0, instance:EditProfileTest@402bba4f]" started-at="2024-01-13T17:34:36 EET" name="EditProfile" data-provider="UserInformation" finished-at="2024-01-13T17:34:39 EET" duration-ms="2868" status="PASS">
          <params>
            <param index="0">
              <value>
                <![CDATA[Iliyana4]]>
              </value>
            </param>
            <param index="1">
              <value>
                <![CDATA[123456]]>
              </value>
            </param>
            <param index="2">
              <value>
                <![CDATA[src\main\resources\Upload\download.jpg]]>
              </value>
            </param>
          </params>
          <reporter-output>
          </reporter-output>
        </test-method> <!-- EditProfile -->
        <test-method is-config="true" signature="setupAftermethods(org.testng.ITestResult)[pri:0, instance:EditProfileTest@402bba4f]" started-at="2024-01-13T17:34:39 EET" name="setupAftermethods" finished-at="2024-01-13T17:34:39 EET" duration-ms="127" status="PASS">
          <params>
            <param index="0">
              <value>
                <![CDATA[[TestResult name=EditProfile status=SUCCESS method=EditProfileTest.EditProfile(java.lang.String,java.lang.String,java.io.File)[pri:0, instance:EditProfileTest@402bba4f] output={null}]]]>
              </value>
            </param>
          </params>
          <reporter-output>
          </reporter-output>
        </test-method> <!-- setupAftermethods -->
      </class> <!-- EditProfileTest -->
      <class name="LikeUnlikeAndCommentPostTest">
        <test-method is-config="true" signature="setupMethods()[pri:0, instance:LikeUnlikeAndCommentPostTest@498d318c]" started-at="2024-01-13T17:33:03 EET" name="setupMethods" finished-at="2024-01-13T17:33:05 EET" duration-ms="1665" status="PASS">
          <reporter-output>
          </reporter-output>
        </test-method> <!-- setupMethods -->
        <test-method signature="LikeUnlikeCommentPost(java.lang.String,java.lang.String)[pri:0, instance:LikeUnlikeAndCommentPostTest@498d318c]" started-at="2024-01-13T17:33:05 EET" name="LikeUnlikeCommentPost" data-provider="UserInformation" finished-at="2024-01-13T17:33:34 EET" duration-ms="29114" status="FAIL">
          <params>
            <param index="0">
              <value>
                <![CDATA[Iliyana1]]>
              </value>
            </param>
            <param index="1">
              <value>
                <![CDATA[123456]]>
              </value>
            </param>
          </params>
          <exception class="org.openqa.selenium.TimeoutException">
            <message>
              <![CDATA[Expected condition failed: waiting for element to be clickable: Proxy element for: DefaultElementLocator 'By.cssSelector: app-post-modal .like.far.fa-heart.fa-2x' (tried for 20 second(s) with 500 milliseconds interval)]]>
            </message>
            <full-stacktrace>
              <![CDATA[org.openqa.selenium.TimeoutException: Expected condition failed: waiting for element to be clickable: Proxy element for: DefaultElementLocator 'By.cssSelector: app-post-modal .like.far.fa-heart.fa-2x' (tried for 20 second(s) with 500 milliseconds interval)
at org.openqa.selenium.support.ui.WebDriverWait.timeoutException(WebDriverWait.java:84)
at org.openqa.selenium.support.ui.FluentWait.until(FluentWait.java:229)
at HomePage.LikePost(HomePage.java:58)
at LikeUnlikeAndCommentPostTest.LikeUnlikeCommentPost(LikeUnlikeAndCommentPostTest.java:43)
at java.base/jdk.internal.reflect.NativeMethodAccessorImpl.invoke0(Native Method)
at java.base/jdk.internal.reflect.NativeMethodAccessorImpl.invoke(NativeMethodAccessorImpl.java:62)
at java.base/jdk.internal.reflect.DelegatingMethodAccessorImpl.invoke(DelegatingMethodAccessorImpl.java:43)
at java.base/java.lang.reflect.Method.invoke(Method.java:564)
at org.testng.internal.invokers.MethodInvocationHelper.invokeMethod(MethodInvocationHelper.java:139)
at org.testng.internal.invokers.TestInvoker.invokeMethod(TestInvoker.java:677)
at org.testng.internal.invokers.TestInvoker.invokeTestMethod(TestInvoker.java:221)
at org.testng.internal.invokers.MethodRunner.runInSequence(MethodRunner.java:50)
at org.testng.internal.invokers.TestInvoker$MethodInvocationAgent.invoke(TestInvoker.java:969)
at org.testng.internal.invokers.TestInvoker.invokeTestMethods(TestInvoker.java:194)
at org.testng.internal.invokers.TestMethodWorker.invokeTestMethods(TestMethodWorker.java:148)
at org.testng.internal.invokers.TestMethodWorker.run(TestMethodWorker.java:128)
at java.base/java.util.ArrayList.forEach(ArrayList.java:1511)
at org.testng.TestRunner.privateRun(TestRunner.java:829)
at org.testng.TestRunner.run(TestRunner.java:602)
at org.testng.SuiteRunner.runTest(SuiteRunner.java:437)
at org.testng.SuiteRunner.runSequentially(SuiteRunner.java:431)
at org.testng.SuiteRunner.privateRun(SuiteRunner.java:391)
at org.testng.SuiteRunner.run(SuiteRunner.java:330)
at org.testng.SuiteRunnerWorker.runSuite(SuiteRunnerWorker.java:52)
at org.testng.SuiteRunnerWorker.run(SuiteRunnerWorker.java:95)
at org.testng.TestNG.runSuitesSequentially(TestNG.java:1256)
at org.testng.TestNG.runSuitesLocally(TestNG.java:1176)
at org.testng.TestNG.runSuites(TestNG.java:1099)
at org.testng.TestNG.run(TestNG.java:1067)
at org.apache.maven.surefire.testng.TestNGExecutor.run(TestNGExecutor.java:324)
at org.apache.maven.surefire.testng.TestNGXmlTestSuite.execute(TestNGXmlTestSuite.java:74)
at org.apache.maven.surefire.testng.TestNGProvider.invoke(TestNGProvider.java:123)
at org.apache.maven.surefire.booter.ForkedBooter.runSuitesInProcess(ForkedBooter.java:456)
at org.apache.maven.surefire.booter.ForkedBooter.execute(ForkedBooter.java:169)
at org.apache.maven.surefire.booter.ForkedBooter.run(ForkedBooter.java:595)
at org.apache.maven.surefire.booter.ForkedBooter.main(ForkedBooter.java:581)
Caused by: org.openqa.selenium.NoSuchElementException: no such element: Unable to locate element: {"method":"css selector","selector":"app-post-modal .like.far.fa-heart.fa-2x"}
  (Session info: chrome=120.0.6099.217)
For documentation on this error, please visit: https://www.selenium.dev/documentation/webdriver/troubleshooting/errors#no-such-element-exception
Build info: version: '4.15.0', revision: '1d14b5521b'
System info: os.name: 'Windows 10', os.arch: 'amd64', os.version: '10.0', java.version: '14.0.2'
Driver info: org.openqa.selenium.chrome.ChromeDriver
Command: [6faad2135be4f08d015571b39c412486, findElement {using=css selector, value=app-post-modal .like.far.fa-heart.fa-2x}]
Capabilities {acceptInsecureCerts: false, browserName: chrome, browserVersion: 120.0.6099.217, chrome: {chromedriverVersion: 120.0.6099.109 (3419140ab66..., userDataDir: C:\Users\ILIYAN~1.VAS\AppDa...}, fedcm:accounts: true, goog:chromeOptions: {debuggerAddress: localhost:49730}, networkConnectionEnabled: false, pageLoadStrategy: normal, platformName: windows, proxy: Proxy(), se:cdp: ws://localhost:49730/devtoo..., se:cdpVersion: 120.0.6099.217, setWindowRect: true, strictFileInteractability: false, timeouts: {implicit: 0, pageLoad: 300000, script: 30000}, unhandledPromptBehavior: dismiss and notify, webauthn:extension:credBlob: true, webauthn:extension:largeBlob: true, webauthn:extension:minPinLength: true, webauthn:extension:prf: true, webauthn:virtualAuthenticators: true}
Session ID: 6faad2135be4f08d015571b39c412486
at java.base/jdk.internal.reflect.NativeConstructorAccessorImpl.newInstance0(Native Method)
at java.base/jdk.internal.reflect.NativeConstructorAccessorImpl.newInstance(NativeConstructorAccessorImpl.java:62)
at java.base/jdk.internal.reflect.DelegatingConstructorAccessorImpl.newInstance(DelegatingConstructorAccessorImpl.java:45)
at java.base/java.lang.reflect.Constructor.newInstanceWithCaller(Constructor.java:500)
at java.base/java.lang.reflect.Constructor.newInstance(Constructor.java:481)
at org.openqa.selenium.remote.codec.w3c.W3CHttpResponseCodec.createException(W3CHttpResponseCodec.java:200)
at org.openqa.selenium.remote.codec.w3c.W3CHttpResponseCodec.decode(W3CHttpResponseCodec.java:133)
at org.openqa.selenium.remote.codec.w3c.W3CHttpResponseCodec.decode(W3CHttpResponseCodec.java:52)
at org.openqa.selenium.remote.HttpCommandExecutor.execute(HttpCommandExecutor.java:191)
at org.openqa.selenium.remote.service.DriverCommandExecutor.invokeExecute(DriverCommandExecutor.java:200)
at org.openqa.selenium.remote.service.DriverCommandExecutor.execute(DriverCommandExecutor.java:175)
at org.openqa.selenium.remote.RemoteWebDriver.execute(RemoteWebDriver.java:607)
at org.openqa.selenium.remote.ElementLocation$ElementFinder$2.findElement(ElementLocation.java:165)
at org.openqa.selenium.remote.ElementLocation.findElement(ElementLocation.java:59)
at org.openqa.selenium.remote.RemoteWebDriver.findElement(RemoteWebDriver.java:364)
at org.openqa.selenium.remote.RemoteWebDriver.findElement(RemoteWebDriver.java:358)
at org.openqa.selenium.support.pagefactory.DefaultElementLocator.findElement(DefaultElementLocator.java:68)
at org.openqa.selenium.support.pagefactory.internal.LocatingElementHandler.invoke(LocatingElementHandler.java:38)
at com.sun.proxy.$Proxy12.isDisplayed(Unknown Source)
at org.openqa.selenium.support.ui.ExpectedConditions.elementIfVisible(ExpectedConditions.java:304)
at org.openqa.selenium.support.ui.ExpectedConditions$10.apply(ExpectedConditions.java:290)
at org.openqa.selenium.support.ui.ExpectedConditions$10.apply(ExpectedConditions.java:287)
at org.openqa.selenium.support.ui.ExpectedConditions$23.apply(ExpectedConditions.java:656)
at org.openqa.selenium.support.ui.ExpectedConditions$23.apply(ExpectedConditions.java:652)
at org.openqa.selenium.support.ui.FluentWait.until(FluentWait.java:204)
... 34 more
]]>
            </full-stacktrace>
          </exception> <!-- org.openqa.selenium.TimeoutException -->
          <reporter-output>
          </reporter-output>
        </test-method> <!-- LikeUnlikeCommentPost -->
        <test-method is-config="true" signature="setupAftermethods(org.testng.ITestResult)[pri:0, instance:LikeUnlikeAndCommentPostTest@498d318c]" started-at="2024-01-13T17:33:34 EET" name="setupAftermethods" finished-at="2024-01-13T17:33:34 EET" duration-ms="300" status="PASS">
          <params>
            <param index="0">
              <value>
                <![CDATA[[TestResult name=LikeUnlikeCommentPost status=FAILURE method=LikeUnlikeAndCommentPostTest.LikeUnlikeCommentPost(java.lang.String,java.lang.String)[pri:0, instance:LikeUnlikeAndCommentPostTest@498d318c] output={null}]]]>
              </value>
            </param>
          </params>
          <reporter-output>
          </reporter-output>
        </test-method> <!-- setupAftermethods -->
        <test-method is-config="true" signature="setupMethods()[pri:0, instance:LikeUnlikeAndCommentPostTest@498d318c]" started-at="2024-01-13T17:33:34 EET" name="setupMethods" finished-at="2024-01-13T17:33:36 EET" duration-ms="1807" status="PASS">
          <reporter-output>
          </reporter-output>
        </test-method> <!-- setupMethods -->
        <test-method signature="LikeUnlikeCommentPost(java.lang.String,java.lang.String)[pri:0, instance:LikeUnlikeAndCommentPostTest@498d318c]" started-at="2024-01-13T17:33:36 EET" name="LikeUnlikeCommentPost" data-provider="UserInformation" finished-at="2024-01-13T17:33:39 EET" duration-ms="2838" status="PASS">
          <params>
            <param index="0">
              <value>
                <![CDATA[Iliyana1]]>
              </value>
            </param>
            <param index="1">
              <value>
                <![CDATA[123456]]>
              </value>
            </param>
          </params>
          <reporter-output>
          </reporter-output>
        </test-method> <!-- LikeUnlikeCommentPost -->
        <test-method is-config="true" signature="setupAftermethods(org.testng.ITestResult)[pri:0, instance:LikeUnlikeAndCommentPostTest@498d318c]" started-at="2024-01-13T17:33:39 EET" name="setupAftermethods" finished-at="2024-01-13T17:33:39 EET" duration-ms="133" status="PASS">
          <params>
            <param index="0">
              <value>
                <![CDATA[[TestResult name=LikeUnlikeCommentPost status=SUCCESS method=LikeUnlikeAndCommentPostTest.LikeUnlikeCommentPost(java.lang.String,java.lang.String)[pri:0, instance:LikeUnlikeAndCommentPostTest@498d318c] output={null}]]]>
              </value>
            </param>
          </params>
          <reporter-output>
          </reporter-output>
        </test-method> <!-- setupAftermethods -->
        <test-method is-config="true" signature="setupMethods()[pri:0, instance:LikeUnlikeAndCommentPostTest@498d318c]" started-at="2024-01-13T17:33:39 EET" name="setupMethods" finished-at="2024-01-13T17:33:41 EET" duration-ms="1486" status="PASS">
          <reporter-output>
          </reporter-output>
        </test-method> <!-- setupMethods -->
        <test-method signature="LikeUnlikeCommentPost(java.lang.String,java.lang.String)[pri:0, instance:LikeUnlikeAndCommentPostTest@498d318c]" started-at="2024-01-13T17:33:41 EET" name="LikeUnlikeCommentPost" data-provider="UserInformation" finished-at="2024-01-13T17:33:43 EET" duration-ms="2629" status="PASS">
          <params>
            <param index="0">
              <value>
                <![CDATA[Iliyana1]]>
              </value>
            </param>
            <param index="1">
              <value>
                <![CDATA[123456]]>
              </value>
            </param>
          </params>
          <reporter-output>
          </reporter-output>
        </test-method> <!-- LikeUnlikeCommentPost -->
        <test-method is-config="true" signature="setupAftermethods(org.testng.ITestResult)[pri:0, instance:LikeUnlikeAndCommentPostTest@498d318c]" started-at="2024-01-13T17:33:43 EET" name="setupAftermethods" finished-at="2024-01-13T17:33:43 EET" duration-ms="131" status="PASS">
          <params>
            <param index="0">
              <value>
                <![CDATA[[TestResult name=LikeUnlikeCommentPost status=SUCCESS method=LikeUnlikeAndCommentPostTest.LikeUnlikeCommentPost(java.lang.String,java.lang.String)[pri:0, instance:LikeUnlikeAndCommentPostTest@498d318c] output={null}]]]>
              </value>
            </param>
          </params>
          <reporter-output>
          </reporter-output>
        </test-method> <!-- setupAftermethods -->
        <test-method is-config="true" signature="setupMethods()[pri:0, instance:LikeUnlikeAndCommentPostTest@498d318c]" started-at="2024-01-13T17:33:43 EET" name="setupMethods" finished-at="2024-01-13T17:33:45 EET" duration-ms="1520" status="PASS">
          <reporter-output>
          </reporter-output>
        </test-method> <!-- setupMethods -->
        <test-method signature="LikeUnlikeCommentPost(java.lang.String,java.lang.String)[pri:0, instance:LikeUnlikeAndCommentPostTest@498d318c]" started-at="2024-01-13T17:33:45 EET" name="LikeUnlikeCommentPost" data-provider="UserInformation" finished-at="2024-01-13T17:33:48 EET" duration-ms="2742" status="PASS">
          <params>
            <param index="0">
              <value>
                <![CDATA[Iliyana1]]>
              </value>
            </param>
            <param index="1">
              <value>
                <![CDATA[123456]]>
              </value>
            </param>
          </params>
          <reporter-output>
          </reporter-output>
        </test-method> <!-- LikeUnlikeCommentPost -->
        <test-method is-config="true" signature="setupAftermethods(org.testng.ITestResult)[pri:0, instance:LikeUnlikeAndCommentPostTest@498d318c]" started-at="2024-01-13T17:33:48 EET" name="setupAftermethods" finished-at="2024-01-13T17:33:48 EET" duration-ms="132" status="PASS">
          <params>
            <param index="0">
              <value>
                <![CDATA[[TestResult name=LikeUnlikeCommentPost status=SUCCESS method=LikeUnlikeAndCommentPostTest.LikeUnlikeCommentPost(java.lang.String,java.lang.String)[pri:0, instance:LikeUnlikeAndCommentPostTest@498d318c] output={null}]]]>
              </value>
            </param>
          </params>
          <reporter-output>
          </reporter-output>
        </test-method> <!-- setupAftermethods -->
        <test-method is-config="true" signature="setupMethods()[pri:0, instance:LikeUnlikeAndCommentPostTest@498d318c]" started-at="2024-01-13T17:33:48 EET" name="setupMethods" finished-at="2024-01-13T17:33:49 EET" duration-ms="1509" status="PASS">
          <reporter-output>
          </reporter-output>
        </test-method> <!-- setupMethods -->
        <test-method signature="LikeUnlikeCommentPost(java.lang.String,java.lang.String)[pri:0, instance:LikeUnlikeAndCommentPostTest@498d318c]" started-at="2024-01-13T17:33:49 EET" name="LikeUnlikeCommentPost" data-provider="UserInformation" finished-at="2024-01-13T17:33:52 EET" duration-ms="2568" status="PASS">
          <params>
            <param index="0">
              <value>
                <![CDATA[Iliyana1]]>
              </value>
            </param>
            <param index="1">
              <value>
                <![CDATA[123456]]>
              </value>
            </param>
          </params>
          <reporter-output>
          </reporter-output>
        </test-method> <!-- LikeUnlikeCommentPost -->
        <test-method is-config="true" signature="setupAftermethods(org.testng.ITestResult)[pri:0, instance:LikeUnlikeAndCommentPostTest@498d318c]" started-at="2024-01-13T17:33:52 EET" name="setupAftermethods" finished-at="2024-01-13T17:33:52 EET" duration-ms="141" status="PASS">
          <params>
            <param index="0">
              <value>
                <![CDATA[[TestResult name=LikeUnlikeCommentPost status=SUCCESS method=LikeUnlikeAndCommentPostTest.LikeUnlikeCommentPost(java.lang.String,java.lang.String)[pri:0, instance:LikeUnlikeAndCommentPostTest@498d318c] output={null}]]]>
              </value>
            </param>
          </params>
          <reporter-output>
          </reporter-output>
        </test-method> <!-- setupAftermethods -->
      </class> <!-- LikeUnlikeAndCommentPostTest -->
      <class name="BaseClass">
        <test-method is-config="true" signature="setupTestSuite()[pri:0, instance:BaseClass@188715b5]" started-at="2024-01-13T17:32:02 EET" name="setupTestSuite" finished-at="2024-01-13T17:32:04 EET" duration-ms="1760" status="PASS">
          <reporter-output>
          </reporter-output>
        </test-method> <!-- setupTestSuite -->
      </class> <!-- BaseClass -->
      <class name="FollowAndUnfollowUserTest">
        <test-method is-config="true" signature="setupMethods()[pri:0, instance:FollowAndUnfollowUserTest@6e171cd7]" started-at="2024-01-13T17:33:52 EET" name="setupMethods" finished-at="2024-01-13T17:33:54 EET" duration-ms="1463" status="PASS">
          <reporter-output>
          </reporter-output>
        </test-method> <!-- setupMethods -->
        <test-method signature="FollowAndUnfollowUser(java.lang.String,java.lang.String)[pri:0, instance:FollowAndUnfollowUserTest@6e171cd7]" started-at="2024-01-13T17:33:54 EET" name="FollowAndUnfollowUser" data-provider="UserInformation" finished-at="2024-01-13T17:33:57 EET" duration-ms="3079" status="PASS">
          <params>
            <param index="0">
              <value>
                <![CDATA[Iliyana4]]>
              </value>
            </param>
            <param index="1">
              <value>
                <![CDATA[123456]]>
              </value>
            </param>
          </params>
          <reporter-output>
          </reporter-output>
        </test-method> <!-- FollowAndUnfollowUser -->
        <test-method is-config="true" signature="setupAftermethods(org.testng.ITestResult)[pri:0, instance:FollowAndUnfollowUserTest@6e171cd7]" started-at="2024-01-13T17:33:57 EET" name="setupAftermethods" finished-at="2024-01-13T17:33:57 EET" duration-ms="151" status="PASS">
          <params>
            <param index="0">
              <value>
                <![CDATA[[TestResult name=FollowAndUnfollowUser status=SUCCESS method=FollowAndUnfollowUserTest.FollowAndUnfollowUser(java.lang.String,java.lang.String)[pri:0, instance:FollowAndUnfollowUserTest@6e171cd7] output={null}]]]>
              </value>
            </param>
          </params>
          <reporter-output>
          </reporter-output>
        </test-method> <!-- setupAftermethods -->
        <test-method is-config="true" signature="setupMethods()[pri:0, instance:FollowAndUnfollowUserTest@6e171cd7]" started-at="2024-01-13T17:33:57 EET" name="setupMethods" finished-at="2024-01-13T17:33:58 EET" duration-ms="1484" status="PASS">
          <reporter-output>
          </reporter-output>
        </test-method> <!-- setupMethods -->
        <test-method signature="FollowAndUnfollowUser(java.lang.String,java.lang.String)[pri:0, instance:FollowAndUnfollowUserTest@6e171cd7]" started-at="2024-01-13T17:33:58 EET" name="FollowAndUnfollowUser" data-provider="UserInformation" finished-at="2024-01-13T17:34:01 EET" duration-ms="3203" status="PASS">
          <params>
            <param index="0">
              <value>
                <![CDATA[Iliyana4]]>
              </value>
            </param>
            <param index="1">
              <value>
                <![CDATA[123456]]>
              </value>
            </param>
          </params>
          <reporter-output>
          </reporter-output>
        </test-method> <!-- FollowAndUnfollowUser -->
        <test-method is-config="true" signature="setupAftermethods(org.testng.ITestResult)[pri:0, instance:FollowAndUnfollowUserTest@6e171cd7]" started-at="2024-01-13T17:34:01 EET" name="setupAftermethods" finished-at="2024-01-13T17:34:02 EET" duration-ms="227" status="PASS">
          <params>
            <param index="0">
              <value>
                <![CDATA[[TestResult name=FollowAndUnfollowUser status=SUCCESS method=FollowAndUnfollowUserTest.FollowAndUnfollowUser(java.lang.String,java.lang.String)[pri:0, instance:FollowAndUnfollowUserTest@6e171cd7] output={null}]]]>
              </value>
            </param>
          </params>
          <reporter-output>
          </reporter-output>
        </test-method> <!-- setupAftermethods -->
        <test-method is-config="true" signature="setupMethods()[pri:0, instance:FollowAndUnfollowUserTest@6e171cd7]" started-at="2024-01-13T17:34:02 EET" name="setupMethods" finished-at="2024-01-13T17:34:03 EET" duration-ms="1438" status="PASS">
          <reporter-output>
          </reporter-output>
        </test-method> <!-- setupMethods -->
        <test-method signature="FollowAndUnfollowUser(java.lang.String,java.lang.String)[pri:0, instance:FollowAndUnfollowUserTest@6e171cd7]" started-at="2024-01-13T17:34:03 EET" name="FollowAndUnfollowUser" data-provider="UserInformation" finished-at="2024-01-13T17:34:06 EET" duration-ms="3265" status="PASS">
          <params>
            <param index="0">
              <value>
                <![CDATA[Iliyana4]]>
              </value>
            </param>
            <param index="1">
              <value>
                <![CDATA[123456]]>
              </value>
            </param>
          </params>
          <reporter-output>
          </reporter-output>
        </test-method> <!-- FollowAndUnfollowUser -->
        <test-method is-config="true" signature="setupAftermethods(org.testng.ITestResult)[pri:0, instance:FollowAndUnfollowUserTest@6e171cd7]" started-at="2024-01-13T17:34:06 EET" name="setupAftermethods" finished-at="2024-01-13T17:34:07 EET" duration-ms="125" status="PASS">
          <params>
            <param index="0">
              <value>
                <![CDATA[[TestResult name=FollowAndUnfollowUser status=SUCCESS method=FollowAndUnfollowUserTest.FollowAndUnfollowUser(java.lang.String,java.lang.String)[pri:0, instance:FollowAndUnfollowUserTest@6e171cd7] output={null}]]]>
              </value>
            </param>
          </params>
          <reporter-output>
          </reporter-output>
        </test-method> <!-- setupAftermethods -->
        <test-method is-config="true" signature="setupMethods()[pri:0, instance:FollowAndUnfollowUserTest@6e171cd7]" started-at="2024-01-13T17:34:07 EET" name="setupMethods" finished-at="2024-01-13T17:34:08 EET" duration-ms="1532" status="PASS">
          <reporter-output>
          </reporter-output>
        </test-method> <!-- setupMethods -->
        <test-method signature="FollowAndUnfollowUser(java.lang.String,java.lang.String)[pri:0, instance:FollowAndUnfollowUserTest@6e171cd7]" started-at="2024-01-13T17:34:08 EET" name="FollowAndUnfollowUser" data-provider="UserInformation" finished-at="2024-01-13T17:34:11 EET" duration-ms="3068" status="PASS">
          <params>
            <param index="0">
              <value>
                <![CDATA[Iliyana4]]>
              </value>
            </param>
            <param index="1">
              <value>
                <![CDATA[123456]]>
              </value>
            </param>
          </params>
          <reporter-output>
          </reporter-output>
        </test-method> <!-- FollowAndUnfollowUser -->
        <test-method is-config="true" signature="setupAftermethods(org.testng.ITestResult)[pri:0, instance:FollowAndUnfollowUserTest@6e171cd7]" started-at="2024-01-13T17:34:11 EET" name="setupAftermethods" finished-at="2024-01-13T17:34:11 EET" duration-ms="163" status="PASS">
          <params>
            <param index="0">
              <value>
                <![CDATA[[TestResult name=FollowAndUnfollowUser status=SUCCESS method=FollowAndUnfollowUserTest.FollowAndUnfollowUser(java.lang.String,java.lang.String)[pri:0, instance:FollowAndUnfollowUserTest@6e171cd7] output={null}]]]>
              </value>
            </param>
          </params>
          <reporter-output>
          </reporter-output>
        </test-method> <!-- setupAftermethods -->
        <test-method is-config="true" signature="setupMethods()[pri:0, instance:FollowAndUnfollowUserTest@6e171cd7]" started-at="2024-01-13T17:34:11 EET" name="setupMethods" finished-at="2024-01-13T17:34:13 EET" duration-ms="1481" status="PASS">
          <reporter-output>
          </reporter-output>
        </test-method> <!-- setupMethods -->
        <test-method signature="FollowAndUnfollowUser(java.lang.String,java.lang.String)[pri:0, instance:FollowAndUnfollowUserTest@6e171cd7]" started-at="2024-01-13T17:34:13 EET" name="FollowAndUnfollowUser" data-provider="UserInformation" finished-at="2024-01-13T17:34:16 EET" duration-ms="3036" status="PASS">
          <params>
            <param index="0">
              <value>
                <![CDATA[Iliyana4]]>
              </value>
            </param>
            <param index="1">
              <value>
                <![CDATA[123456]]>
              </value>
            </param>
          </params>
          <reporter-output>
          </reporter-output>
        </test-method> <!-- FollowAndUnfollowUser -->
        <test-method is-config="true" signature="setupAftermethods(org.testng.ITestResult)[pri:0, instance:FollowAndUnfollowUserTest@6e171cd7]" started-at="2024-01-13T17:34:16 EET" name="setupAftermethods" finished-at="2024-01-13T17:34:16 EET" duration-ms="177" status="PASS">
          <params>
            <param index="0">
              <value>
                <![CDATA[[TestResult name=FollowAndUnfollowUser status=SUCCESS method=FollowAndUnfollowUserTest.FollowAndUnfollowUser(java.lang.String,java.lang.String)[pri:0, instance:FollowAndUnfollowUserTest@6e171cd7] output={null}]]]>
              </value>
            </param>
          </params>
          <reporter-output>
          </reporter-output>
        </test-method> <!-- setupAftermethods -->
      </class> <!-- FollowAndUnfollowUserTest -->
      <class name="RegisterUserTest">
        <test-method is-config="true" signature="setupMethods()[pri:0, instance:RegisterUserTest@479d31f3]" started-at="2024-01-13T17:32:04 EET" name="setupMethods" finished-at="2024-01-13T17:32:06 EET" duration-ms="2447" status="PASS">
          <reporter-output>
          </reporter-output>
        </test-method> <!-- setupMethods -->
        <test-method signature="registrationUser()[pri:0, instance:RegisterUserTest@479d31f3]" started-at="2024-01-13T17:32:06 EET" name="registrationUser" finished-at="2024-01-13T17:32:10 EET" duration-ms="3518" status="PASS">
          <reporter-output>
          </reporter-output>
        </test-method> <!-- registrationUser -->
        <test-method is-config="true" signature="setupAftermethods(org.testng.ITestResult)[pri:0, instance:RegisterUserTest@479d31f3]" started-at="2024-01-13T17:32:10 EET" name="setupAftermethods" finished-at="2024-01-13T17:32:10 EET" duration-ms="175" status="PASS">
          <params>
            <param index="0">
              <value>
                <![CDATA[[TestResult name=registrationUser status=SUCCESS method=RegisterUserTest.registrationUser()[pri:0, instance:RegisterUserTest@479d31f3] output={null}]]]>
              </value>
            </param>
          </params>
          <reporter-output>
          </reporter-output>
        </test-method> <!-- setupAftermethods -->
        <test-method is-config="true" signature="setupMethods()[pri:0, instance:RegisterUserTest@479d31f3]" started-at="2024-01-13T17:32:10 EET" name="setupMethods" finished-at="2024-01-13T17:32:11 EET" duration-ms="1611" status="PASS">
          <reporter-output>
          </reporter-output>
        </test-method> <!-- setupMethods -->
        <test-method signature="registrationUser()[pri:0, instance:RegisterUserTest@479d31f3]" started-at="2024-01-13T17:32:11 EET" name="registrationUser" finished-at="2024-01-13T17:32:15 EET" duration-ms="3333" status="PASS">
          <reporter-output>
          </reporter-output>
        </test-method> <!-- registrationUser -->
        <test-method is-config="true" signature="setupAftermethods(org.testng.ITestResult)[pri:0, instance:RegisterUserTest@479d31f3]" started-at="2024-01-13T17:32:15 EET" name="setupAftermethods" finished-at="2024-01-13T17:32:15 EET" duration-ms="246" status="PASS">
          <params>
            <param index="0">
              <value>
                <![CDATA[[TestResult name=registrationUser status=SUCCESS method=RegisterUserTest.registrationUser()[pri:0, instance:RegisterUserTest@479d31f3] output={null}]]]>
              </value>
            </param>
          </params>
          <reporter-output>
          </reporter-output>
        </test-method> <!-- setupAftermethods -->
        <test-method is-config="true" signature="setupMethods()[pri:0, instance:RegisterUserTest@479d31f3]" started-at="2024-01-13T17:32:15 EET" name="setupMethods" finished-at="2024-01-13T17:32:17 EET" duration-ms="1587" status="PASS">
          <reporter-output>
          </reporter-output>
        </test-method> <!-- setupMethods -->
        <test-method signature="registrationUser()[pri:0, instance:RegisterUserTest@479d31f3]" started-at="2024-01-13T17:32:17 EET" name="registrationUser" finished-at="2024-01-13T17:32:20 EET" duration-ms="3356" status="PASS">
          <reporter-output>
          </reporter-output>
        </test-method> <!-- registrationUser -->
        <test-method is-config="true" signature="setupAftermethods(org.testng.ITestResult)[pri:0, instance:RegisterUserTest@479d31f3]" started-at="2024-01-13T17:32:20 EET" name="setupAftermethods" finished-at="2024-01-13T17:32:20 EET" duration-ms="167" status="PASS">
          <params>
            <param index="0">
              <value>
                <![CDATA[[TestResult name=registrationUser status=SUCCESS method=RegisterUserTest.registrationUser()[pri:0, instance:RegisterUserTest@479d31f3] output={null}]]]>
              </value>
            </param>
          </params>
          <reporter-output>
          </reporter-output>
        </test-method> <!-- setupAftermethods -->
        <test-method is-config="true" signature="setupMethods()[pri:0, instance:RegisterUserTest@479d31f3]" started-at="2024-01-13T17:32:20 EET" name="setupMethods" finished-at="2024-01-13T17:32:22 EET" duration-ms="1584" status="PASS">
          <reporter-output>
          </reporter-output>
        </test-method> <!-- setupMethods -->
        <test-method signature="registrationUser()[pri:0, instance:RegisterUserTest@479d31f3]" started-at="2024-01-13T17:32:22 EET" name="registrationUser" finished-at="2024-01-13T17:32:25 EET" duration-ms="3344" status="PASS">
          <reporter-output>
          </reporter-output>
        </test-method> <!-- registrationUser -->
        <test-method is-config="true" signature="setupAftermethods(org.testng.ITestResult)[pri:0, instance:RegisterUserTest@479d31f3]" started-at="2024-01-13T17:32:25 EET" name="setupAftermethods" finished-at="2024-01-13T17:32:25 EET" duration-ms="134" status="PASS">
          <params>
            <param index="0">
              <value>
                <![CDATA[[TestResult name=registrationUser status=SUCCESS method=RegisterUserTest.registrationUser()[pri:0, instance:RegisterUserTest@479d31f3] output={null}]]]>
              </value>
            </param>
          </params>
          <reporter-output>
          </reporter-output>
        </test-method> <!-- setupAftermethods -->
        <test-method is-config="true" signature="setupMethods()[pri:0, instance:RegisterUserTest@479d31f3]" started-at="2024-01-13T17:32:25 EET" name="setupMethods" finished-at="2024-01-13T17:32:27 EET" duration-ms="1680" status="PASS">
          <reporter-output>
          </reporter-output>
        </test-method> <!-- setupMethods -->
        <test-method signature="registrationUser()[pri:0, instance:RegisterUserTest@479d31f3]" started-at="2024-01-13T17:32:27 EET" name="registrationUser" finished-at="2024-01-13T17:32:30 EET" duration-ms="3436" status="PASS">
          <reporter-output>
          </reporter-output>
        </test-method> <!-- registrationUser -->
        <test-method is-config="true" signature="setupAftermethods(org.testng.ITestResult)[pri:0, instance:RegisterUserTest@479d31f3]" started-at="2024-01-13T17:32:30 EET" name="setupAftermethods" finished-at="2024-01-13T17:32:30 EET" duration-ms="167" status="PASS">
          <params>
            <param index="0">
              <value>
                <![CDATA[[TestResult name=registrationUser status=SUCCESS method=RegisterUserTest.registrationUser()[pri:0, instance:RegisterUserTest@479d31f3] output={null}]]]>
              </value>
            </param>
          </params>
          <reporter-output>
          </reporter-output>
        </test-method> <!-- setupAftermethods -->
      </class> <!-- RegisterUserTest -->
      <class name="NewPostAndDeleteTest">
        <test-method is-config="true" signature="setupMethods()[pri:0, instance:NewPostAndDeleteTest@40ef3420]" started-at="2024-01-13T17:32:30 EET" name="setupMethods" finished-at="2024-01-13T17:32:32 EET" duration-ms="1565" status="PASS">
          <reporter-output>
          </reporter-output>
        </test-method> <!-- setupMethods -->
        <test-method signature="testUploadImage(java.lang.String,java.lang.String,java.io.File,java.lang.String)[pri:0, instance:NewPostAndDeleteTest@40ef3420]" started-at="2024-01-13T17:32:32 EET" name="testUploadImage" data-provider="UserInformation" finished-at="2024-01-13T17:32:37 EET" duration-ms="4844" status="PASS">
          <params>
            <param index="0">
              <value>
                <![CDATA[Iliyana1]]>
              </value>
            </param>
            <param index="1">
              <value>
                <![CDATA[123456]]>
              </value>
            </param>
            <param index="2">
              <value>
                <![CDATA[src\main\resources\Upload\au9i1g9hn-1200x595.jpg]]>
              </value>
            </param>
            <param index="3">
              <value>
                <![CDATA[Test caption]]>
              </value>
            </param>
          </params>
          <reporter-output>
          </reporter-output>
        </test-method> <!-- testUploadImage -->
        <test-method is-config="true" signature="setupAftermethods(org.testng.ITestResult)[pri:0, instance:NewPostAndDeleteTest@40ef3420]" started-at="2024-01-13T17:32:37 EET" name="setupAftermethods" finished-at="2024-01-13T17:32:37 EET" duration-ms="138" status="PASS">
          <params>
            <param index="0">
              <value>
                <![CDATA[[TestResult name=testUploadImage status=SUCCESS method=NewPostAndDeleteTest.testUploadImage(java.lang.String,java.lang.String,java.io.File,java.lang.String)[pri:0, instance:NewPostAndDeleteTest@40ef3420] output={null}]]]>
              </value>
            </param>
          </params>
          <reporter-output>
          </reporter-output>
        </test-method> <!-- setupAftermethods -->
        <test-method is-config="true" signature="setupMethods()[pri:0, instance:NewPostAndDeleteTest@40ef3420]" started-at="2024-01-13T17:32:37 EET" name="setupMethods" finished-at="2024-01-13T17:32:39 EET" duration-ms="1669" status="PASS">
          <reporter-output>
          </reporter-output>
        </test-method> <!-- setupMethods -->
        <test-method signature="testUploadImage(java.lang.String,java.lang.String,java.io.File,java.lang.String)[pri:0, instance:NewPostAndDeleteTest@40ef3420]" started-at="2024-01-13T17:32:39 EET" name="testUploadImage" data-provider="UserInformation" finished-at="2024-01-13T17:32:44 EET" duration-ms="4964" status="PASS">
          <params>
            <param index="0">
              <value>
                <![CDATA[Iliyana1]]>
              </value>
            </param>
            <param index="1">
              <value>
                <![CDATA[123456]]>
              </value>
            </param>
            <param index="2">
              <value>
                <![CDATA[src\main\resources\Upload\au9i1g9hn-1200x595.jpg]]>
              </value>
            </param>
            <param index="3">
              <value>
                <![CDATA[Test caption]]>
              </value>
            </param>
          </params>
          <reporter-output>
          </reporter-output>
        </test-method> <!-- testUploadImage -->
        <test-method is-config="true" signature="setupAftermethods(org.testng.ITestResult)[pri:0, instance:NewPostAndDeleteTest@40ef3420]" started-at="2024-01-13T17:32:44 EET" name="setupAftermethods" finished-at="2024-01-13T17:32:44 EET" duration-ms="160" status="PASS">
          <params>
            <param index="0">
              <value>
                <![CDATA[[TestResult name=testUploadImage status=SUCCESS method=NewPostAndDeleteTest.testUploadImage(java.lang.String,java.lang.String,java.io.File,java.lang.String)[pri:0, instance:NewPostAndDeleteTest@40ef3420] output={null}]]]>
              </value>
            </param>
          </params>
          <reporter-output>
          </reporter-output>
        </test-method> <!-- setupAftermethods -->
        <test-method is-config="true" signature="setupMethods()[pri:0, instance:NewPostAndDeleteTest@40ef3420]" started-at="2024-01-13T17:32:44 EET" name="setupMethods" finished-at="2024-01-13T17:32:45 EET" duration-ms="1573" status="PASS">
          <reporter-output>
          </reporter-output>
        </test-method> <!-- setupMethods -->
        <test-method signature="testUploadImage(java.lang.String,java.lang.String,java.io.File,java.lang.String)[pri:0, instance:NewPostAndDeleteTest@40ef3420]" started-at="2024-01-13T17:32:45 EET" name="testUploadImage" data-provider="UserInformation" finished-at="2024-01-13T17:32:50 EET" duration-ms="4738" status="PASS">
          <params>
            <param index="0">
              <value>
                <![CDATA[Iliyana1]]>
              </value>
            </param>
            <param index="1">
              <value>
                <![CDATA[123456]]>
              </value>
            </param>
            <param index="2">
              <value>
                <![CDATA[src\main\resources\Upload\au9i1g9hn-1200x595.jpg]]>
              </value>
            </param>
            <param index="3">
              <value>
                <![CDATA[Test caption]]>
              </value>
            </param>
          </params>
          <reporter-output>
          </reporter-output>
        </test-method> <!-- testUploadImage -->
        <test-method is-config="true" signature="setupAftermethods(org.testng.ITestResult)[pri:0, instance:NewPostAndDeleteTest@40ef3420]" started-at="2024-01-13T17:32:50 EET" name="setupAftermethods" finished-at="2024-01-13T17:32:50 EET" duration-ms="127" status="PASS">
          <params>
            <param index="0">
              <value>
                <![CDATA[[TestResult name=testUploadImage status=SUCCESS method=NewPostAndDeleteTest.testUploadImage(java.lang.String,java.lang.String,java.io.File,java.lang.String)[pri:0, instance:NewPostAndDeleteTest@40ef3420] output={null}]]]>
              </value>
            </param>
          </params>
          <reporter-output>
          </reporter-output>
        </test-method> <!-- setupAftermethods -->
        <test-method is-config="true" signature="setupMethods()[pri:0, instance:NewPostAndDeleteTest@40ef3420]" started-at="2024-01-13T17:32:50 EET" name="setupMethods" finished-at="2024-01-13T17:32:52 EET" duration-ms="1580" status="PASS">
          <reporter-output>
          </reporter-output>
        </test-method> <!-- setupMethods -->
        <test-method signature="testUploadImage(java.lang.String,java.lang.String,java.io.File,java.lang.String)[pri:0, instance:NewPostAndDeleteTest@40ef3420]" started-at="2024-01-13T17:32:52 EET" name="testUploadImage" data-provider="UserInformation" finished-at="2024-01-13T17:32:57 EET" duration-ms="4914" status="PASS">
          <params>
            <param index="0">
              <value>
                <![CDATA[Iliyana1]]>
              </value>
            </param>
            <param index="1">
              <value>
                <![CDATA[123456]]>
              </value>
            </param>
            <param index="2">
              <value>
                <![CDATA[src\main\resources\Upload\au9i1g9hn-1200x595.jpg]]>
              </value>
            </param>
            <param index="3">
              <value>
                <![CDATA[Test caption]]>
              </value>
            </param>
          </params>
          <reporter-output>
          </reporter-output>
        </test-method> <!-- testUploadImage -->
        <test-method is-config="true" signature="setupAftermethods(org.testng.ITestResult)[pri:0, instance:NewPostAndDeleteTest@40ef3420]" started-at="2024-01-13T17:32:57 EET" name="setupAftermethods" finished-at="2024-01-13T17:32:57 EET" duration-ms="195" status="PASS">
          <params>
            <param index="0">
              <value>
                <![CDATA[[TestResult name=testUploadImage status=SUCCESS method=NewPostAndDeleteTest.testUploadImage(java.lang.String,java.lang.String,java.io.File,java.lang.String)[pri:0, instance:NewPostAndDeleteTest@40ef3420] output={null}]]]>
              </value>
            </param>
          </params>
          <reporter-output>
          </reporter-output>
        </test-method> <!-- setupAftermethods -->
        <test-method is-config="true" signature="setupMethods()[pri:0, instance:NewPostAndDeleteTest@40ef3420]" started-at="2024-01-13T17:32:57 EET" name="setupMethods" finished-at="2024-01-13T17:32:58 EET" duration-ms="1535" status="PASS">
          <reporter-output>
          </reporter-output>
        </test-method> <!-- setupMethods -->
        <test-method signature="testUploadImage(java.lang.String,java.lang.String,java.io.File,java.lang.String)[pri:0, instance:NewPostAndDeleteTest@40ef3420]" started-at="2024-01-13T17:32:58 EET" name="testUploadImage" data-provider="UserInformation" finished-at="2024-01-13T17:33:03 EET" duration-ms="4745" status="PASS">
          <params>
            <param index="0">
              <value>
                <![CDATA[Iliyana1]]>
              </value>
            </param>
            <param index="1">
              <value>
                <![CDATA[123456]]>
              </value>
            </param>
            <param index="2">
              <value>
                <![CDATA[src\main\resources\Upload\au9i1g9hn-1200x595.jpg]]>
              </value>
            </param>
            <param index="3">
              <value>
                <![CDATA[Test caption]]>
              </value>
            </param>
          </params>
          <reporter-output>
          </reporter-output>
        </test-method> <!-- testUploadImage -->
        <test-method is-config="true" signature="setupAftermethods(org.testng.ITestResult)[pri:0, instance:NewPostAndDeleteTest@40ef3420]" started-at="2024-01-13T17:33:03 EET" name="setupAftermethods" finished-at="2024-01-13T17:33:03 EET" duration-ms="135" status="PASS">
          <params>
            <param index="0">
              <value>
                <![CDATA[[TestResult name=testUploadImage status=SUCCESS method=NewPostAndDeleteTest.testUploadImage(java.lang.String,java.lang.String,java.io.File,java.lang.String)[pri:0, instance:NewPostAndDeleteTest@40ef3420] output={null}]]]>
              </value>
            </param>
          </params>
          <reporter-output>
          </reporter-output>
        </test-method> <!-- setupAftermethods -->
      </class> <!-- NewPostAndDeleteTest -->
    </test> <!-- NewFinalProject -->
  </suite> <!-- NewFinalProfect -->
</testng-results>
